286
19 57
15 96
19 57
56 100
45 57
83 114
114 75
41 107
107 43
12 109
109 43
112 75
75 67
82 75
75 43
57 45
57 19
57 45
88 55
85 79
79 14
7 83
26 19
19 57
47 45
123 55
18 115
26 19
19 57
45 57
76 42
57 19
26 19
43 14
14 15
37 46
41 107
107 43
92 13
70 42
104 41
60 45
45 57
83 82
102 79
42 43
43 14
30 27
111 57
84 55
13 12
12 109
109 43
43 57
82 75
75 43
57 45
89 14
19 57
96 19
107 43
45 46
114 75
107 41
43 57
57 55
105 67
33 34
29 31
45 57
71 42
90 12
12 109
109 43
31 15
66 67
47 45
56 102
14 15
118 12
12 109
109 43
56 101
57 43
60 45
107 43
43 14
45 57
57 19
72 42
28 26
26 19
26 64
15 35
75 43
57 45
64 35
47 45
103 41
12 13
94 26
19 57
57 45
45 40
83 7
113 75
66 40
41 107
41 46
57 55
115 57
105 41
57 19
109 43
109 12
65 16
69 40
79 14
37 46
46 45
12 77
83 16
12 14
45 57
28 33
14 43
43 107
19 26
43 57
32 26
83 82
75 43
57 56
78 55
57 19
117 12
56 99
95 34
77 42
45 47
67 75
110 14
11 118
35 17
117 11
109 43
43 57
57 45
19 26
14 12
27 26
87 56
57 19
75 43
43 57
80 35
26 19
48 46
13 12
109 12
26 32
35 15
15 14
87 62
29 31
12 76
115 57
42 57
57 55
55 85
72 40
41 46
79 14
83 113
107 43
14 15
86 42
17 16
68 40
89 18
67 75
46 62
62 100
35 15
19 57
53 46
13 31
31 91
42 57
28 26
26 23
55 57
42 75
75 113
48 46
46 41
64 35
88 54
40 45
72 42
114 83
12 13
79 102
14 43
7 9
56 57
67 105
57 42
12 16
83 7
75 43
74 40
107 41
12 14
14 79
57 19
54 46
10 11
117 12
33 34
45 57
96 19
52 45
13 12
87 56
42 76
123 55
119 47
56 57
6 29
29 93
2 44
44 13
43 57
90 11
76 12
60 45
18 22
107 43
45 47
89 14
45 57
15 14
55 57
42 75
14 12
64 26
110 14
85 79
65 29
29 31
114 75
111 57
47 45
118 11
18 19
19 26
35 80
57 43
78 79
49 39
9 2
42 76
28 95
13 15
9 7
14 43
56 57
57 42
82 75
19 57
69 63
78 55
122 54
75 42
41 105
80 9
58 59
109 43
46 41
17 16
75 43
43 106
100 56
11 9
9 51
4 7 2 539 538 210 181 177 2 106 2 12 
7 4 1 485 649 423 323 75 
4 7 1 313 502 479 54 155 371 374 17 
5 5 3 509 536 532 534 440 43 57 26 
6 3 1 340 634 343 118 
0 6 2 11 614 163 529 426 425 14 90 
3 5 1 506 413 593 337 346 12 
6 7 3 17 224 217 408 271 273 265 56 19 21 
4 6 3 365 644 13 426 43 450 42 14 13 
8 6 2 343 614 163 312 594 111 12 90 
6 4 1 603 162 594 639 14 
8 2 0 656 637 
8 8 2 424 276 646 590 560 586 491 298 105 75 
9 3 1 225 219 15 21 
8 9 3 90 455 520 533 302 339 538 199 112 12 109 66 
9 2 1 53 118 36 
1 5 1 152 654 307 646 627 75 
2 7 3 350 477 482 481 471 470 234 19 57 45 
9 5 3 268 314 321 532 217 19 57 46 
0 4 1 585 638 583 312 43 
9 7 5 429 65 411 220 228 234 427 27 26 19 57 55 
4 4 3 391 572 568 380 57 42 75 
7 0 0 
4 4 3 17 227 229 193 94 26 23 
0 6 4 334 431 432 433 272 150 56 57 109 12 
3 3 0 350 242 245 
2 2 0 45 343 
8 7 4 179 200 54 581 389 525 301 109 12 17 3 
5 1 0 629 
6 4 1 577 132 574 286 54 
3 5 3 233 530 536 222 223 21 19 27 
1 13 5 8 56 330 324 501 337 529 276 278 275 383 267 263 100 12 16 10 8 
5 5 3 550 483 527 571 513 57 45 40 
4 4 3 338 12 566 567 31 13 12 
1 4 1 621 619 50 73 45 
5 6 1 301 435 386 580 129 77 83 
1 8 3 591 89 503 433 466 502 603 54 43 57 45 
3 6 2 468 471 470 31 32 33 33 19 
3 9 4 391 394 505 542 190 544 184 24 171 24 29 31 75 
0 7 4 554 493 539 538 566 37 535 31 13 12 109 
6 6 1 341 76 645 641 611 612 9 
5 4 1 521 542 541 535 14 
3 6 2 189 458 497 424 457 604 56 15 
8 5 3 554 534 411 471 530 19 57 43 
3 6 3 111 594 529 335 342 344 11 117 79 
0 9 5 447 196 30 165 167 179 200 201 368 13 17 3 2 0 
8 4 1 334 502 161 160 12 
9 2 0 654 95 
0 9 6 168 22 185 203 643 470 412 481 436 57 28 95 34 29 6 
3 5 3 366 200 179 113 331 9 2 3 
1 6 3 352 355 289 286 574 266 49 63 120 
2 8 3 620 625 479 612 611 177 174 0 0 5 13 
1 2 1 431 430 12 
9 4 2 374 376 177 57 2 127 
0 10 6 8 2 45 345 340 502 413 304 489 429 55 57 43 12 118 5 
5 10 1 146 90 91 159 127 128 328 35 175 24 67 
4 9 2 153 513 111 497 312 581 207 176 57 14 55 
0 3 0 176 58 106 
7 3 2 578 602 156 52 45 
2 2 1 597 342 11 
1 6 2 309 13 116 115 114 348 35 14 
0 1 0 232 
2 2 0 637 541 
5 2 1 46 261 46 
5 0 0 
2 5 1 457 274 267 72 259 56 
5 6 1 530 528 15 138 277 424 19 
5 12 6 582 457 585 382 220 231 232 203 185 34 168 45 5 6 29 34 27 19 
4 5 3 451 109 152 547 422 57 77 12 
8 11 6 94 496 142 145 518 500 340 522 11 2 106 11 118 12 77 86 69 
1 2 0 435 618 
7 9 4 252 238 52 80 477 475 481 402 470 57 45 38 39 
8 6 4 529 515 524 341 347 59 9 10 11 117 
3 3 0 300 440 443 
6 6 2 559 635 219 38 280 399 79 20 
9 7 6 289 49 404 397 320 406 281 18 115 57 45 47 49 
5 5 3 545 459 345 341 349 10 118 12 
1 4 0 292 551 561 543 
3 7 4 370 368 566 188 169 9 114 91 31 13 125 
9 7 4 126 125 258 263 543 150 462 56 87 61 48 
5 4 2 462 647 650 601 19 56 
3 9 6 129 325 318 511 526 436 157 48 158 48 45 57 75 113 83 
0 1 0 665 
3 6 3 626 21 643 203 204 197 34 95 26 
8 1 0 174 
1 7 4 450 425 388 387 294 537 125 46 41 43 42 
4 2 0 464 499 
5 9 5 420 416 417 413 313 332 283 17 227 23 22 18 14 41 
4 7 5 119 53 243 255 285 288 291 63 49 48 50 36 
5 5 3 531 543 268 294 298 41 46 87 
6 11 4 359 377 445 378 82 143 84 115 114 348 56 80 26 57 55 
6 8 6 59 347 78 524 515 109 518 469 77 12 117 11 10 9 
7 10 4 370 369 198 183 87 541 542 161 160 283 15 35 93 125 
2 14 8 276 278 275 383 562 71 62 107 119 40 249 257 286 99 49 39 37 36 59 54 62 79 
6 9 4 291 295 292 316 315 319 580 324 7 7 75 67 41 
1 7 4 163 389 390 305 321 314 132 57 43 109 12 
8 4 1 553 484 35 170 83 
7 8 5 431 432 440 443 297 261 124 246 61 53 46 107 109 
1 3 1 649 101 96 42 
0 10 6 343 342 335 339 302 417 416 294 132 358 46 41 109 12 117 11 
2 5 3 410 654 661 658 431 109 75 42 
7 8 5 607 619 600 613 300 338 335 342 117 12 43 57 45 
1 7 5 391 394 303 395 98 99 158 48 73 45 57 75 
8 5 1 576 626 636 635 281 19 
2 7 6 550 469 547 548 398 577 133 54 88 55 57 42 72 
4 4 2 221 438 512 516 57 19 
2 3 0 279 277 282 
9 6 2 279 270 647 650 379 626 19 56 
0 6 3 166 184 197 206 235 234 28 95 25 
4 8 5 244 239 237 640 49 633 467 490 57 45 47 49 37 
1 6 2 373 372 181 113 329 484 2 126 
8 9 6 198 201 209 213 439 468 467 464 117 60 45 57 19 15 13 
5 4 0 559 635 636 569 
3 3 2 567 630 610 29 31 
5 10 4 250 254 574 551 443 310 583 162 581 199 12 43 41 39 
6 9 3 627 400 628 135 63 647 449 633 51 45 55 85 
8 9 4 398 63 274 267 266 498 241 236 253 39 50 37 56 
8 8 6 459 545 410 97 141 88 519 51 45 40 72 42 76 12 
5 2 0 111 276 
9 6 3 478 42 140 450 101 393 42 40 41 
9 7 1 535 541 555 552 582 275 585 15 
1 7 3 604 512 587 572 127 128 322 75 42 56 
5 3 0 497 646 300 
3 3 1 584 641 1 9 
6 3 2 307 305 546 57 43 
2 4 3 483 395 65 134 55 57 45 
7 3 1 11 341 349 10 
5 12 5 62 360 359 377 489 468 82 143 84 115 114 344 80 26 57 55 122 
7 7 3 41 81 49 75 651 496 140 63 49 38 
4 3 2 651 75 354 49 63 
9 3 1 168 34 629 6 
6 3 1 516 270 279 56 
0 4 3 571 475 421 69 60 45 57 
6 3 1 230 569 643 26 
8 8 1 138 559 437 555 208 211 371 374 15 
8 11 6 290 75 50 633 600 514 528 472 476 37 630 31 19 57 45 49 63 
6 4 0 454 542 311 465 
5 9 3 207 47 460 525 618 592 575 262 259 107 109 12 
5 6 3 504 21 570 224 16 282 21 23 26 
9 7 2 128 484 35 175 174 11 164 5 1 
7 10 8 353 354 285 131 499 449 444 453 494 336 12 109 57 45 46 48 49 120 
1 3 1 608 638 453 57 
5 8 4 340 452 453 444 364 157 149 357 45 57 109 12 
6 5 1 584 589 501 336 338 12 
1 12 7 42 142 145 43 426 542 541 37 544 187 196 204 24 29 31 43 42 86 40 
1 14 8 344 641 1 155 192 190 381 601 438 422 441 415 250 41 39 46 45 57 19 15 17 2 
3 2 1 151 264 62 
7 5 3 581 566 189 563 535 15 31 13 
3 9 2 301 307 127 128 328 329 348 8 2 8 43 
6 3 0 278 275 274 
9 4 1 594 593 588 85 12 
8 2 1 42 550 40 
3 7 4 69 616 422 638 646 622 644 43 57 45 60 
6 8 3 199 112 576 472 471 595 489 134 55 57 26 
6 1 0 386 
0 3 1 634 344 59 9 
9 3 0 610 87 576 
7 5 2 598 539 302 394 560 109 12 
8 2 0 30 6 
0 8 7 298 42 142 145 148 320 333 283 18 115 57 42 86 40 41 
4 3 1 215 378 608 19 
4 3 1 248 247 314 37 
8 5 3 632 613 311 521 332 14 43 57 
7 1 0 513 
9 11 8 567 191 430 431 432 433 395 98 99 255 253 39 73 45 57 109 12 13 31 
6 4 0 567 190 473 476 
1 16 8 609 33 447 504 470 471 468 475 46 262 124 246 241 52 81 351 50 37 61 46 45 57 28 34 
8 3 0 627 625 451 
8 4 2 288 256 249 251 39 49 
4 16 12 174 36 330 129 385 386 307 388 387 294 261 260 246 242 350 351 50 37 61 53 46 41 43 114 83 7 10 0 
0 17 12 75 257 250 415 297 387 618 461 460 459 522 78 56 55 57 177 375 2 4 8 10 11 118 12 109 41 37 39 49 
2 10 6 349 330 129 323 336 338 300 301 293 295 41 106 108 12 83 7 
5 6 3 307 508 514 379 470 233 26 57 43 
8 12 8 235 228 226 224 217 396 65 377 359 360 120 68 52 123 55 57 19 21 23 28 
0 3 1 642 568 411 57 
9 5 1 645 589 423 434 573 7 
5 6 3 439 438 436 441 415 245 45 57 19 
3 2 1 648 650 57 
9 5 1 512 492 507 470 504 19 
1 6 1 361 360 60 565 247 248 53 
0 6 4 236 53 119 156 62 577 54 59 36 50 
3 10 5 434 435 444 449 456 80 41 237 53 119 36 39 47 45 57 
9 5 2 278 276 625 615 642 76 14 
9 2 1 8 56 8 
5 4 1 280 400 593 603 79 
4 7 3 495 337 162 552 279 462 63 79 12 16 
5 5 2 385 631 572 587 271 42 75 
8 6 3 446 130 435 444 445 110 57 75 67 
1 4 2 586 93 558 496 68 67 
7 8 4 221 218 20 27 26 197 24 10 0 27 26 19 
7 0 0 
3 3 2 311 613 321 57 43 
3 10 7 353 354 51 477 397 481 218 83 235 206 95 26 19 57 45 49 120 
1 5 0 313 505 533 392 455 
2 8 2 159 446 491 420 291 289 49 80 49 105 
9 6 3 7 76 341 522 340 500 12 118 10 
3 7 1 207 208 13 620 559 15 439 15 
8 9 3 310 493 494 603 207 176 45 344 114 5 12 109 
2 4 3 255 131 46 602 45 46 48 
5 1 0 154 
0 5 0 476 473 414 497 424 
0 8 4 3 36 597 524 598 593 594 582 117 11 10 0 
3 4 3 145 547 548 549 55 57 42 
1 3 2 632 304 302 43 57 
7 3 1 333 635 222 18 
6 7 3 598 502 622 644 368 367 366 124 125 13 
7 8 5 113 181 105 14 337 615 605 556 76 12 16 17 44 
7 9 5 8 6 30 195 203 235 228 226 224 23 28 95 24 4 
2 6 4 198 14 588 539 432 444 109 12 16 17 
0 8 3 462 516 265 561 537 285 73 355 49 62 56 
2 8 4 150 647 638 646 458 473 523 369 17 14 43 56 
2 7 3 325 318 435 465 592 297 132 41 75 113 
5 5 4 338 335 342 78 347 10 11 117 12 
6 3 0 582 277 282 
5 8 7 236 239 40 119 156 103 384 490 57 45 52 59 36 37 50 
7 4 2 568 572 392 455 75 42 
2 6 1 454 414 426 440 443 298 107 
2 7 4 57 11 345 340 162 497 111 14 12 118 5 
2 5 2 553 573 474 583 521 75 113 
7 7 3 334 545 410 547 548 63 383 57 76 12 
5 11 7 57 178 180 104 430 431 432 433 422 421 69 60 45 57 109 12 44 2 
3 1 0 338 
6 4 3 451 615 642 579 42 76 12 
5 4 3 549 548 547 96 42 57 55 
9 9 6 569 480 193 630 172 170 0 6 106 0 1 6 29 31 94 
1 6 3 239 238 254 285 74 100 49 48 50 
5 2 1 97 425 42 
3 11 4 420 416 417 306 393 423 401 35 170 167 66 2 6 75 43 
1 4 1 462 63 110 111 56 
1 8 4 126 123 122 436 108 605 102 335 12 76 57 45 
8 7 4 351 157 397 403 402 480 193 94 19 57 45 
4 0 0 
5 2 0 63 275 
6 5 1 43 533 317 322 323 43 
8 8 2 0 3 4 169 188 190 13 313 6 4 
0 3 0 653 596 266 
3 5 3 464 467 463 461 460 109 57 45 
1 7 5 356 117 363 397 396 219 223 19 57 45 60 59 
0 9 7 134 64 108 101 318 325 129 76 349 7 83 113 75 42 57 55 
9 12 4 366 199 603 389 493 618 487 297 262 60 360 361 46 107 109 12 
3 10 3 77 324 322 317 315 316 292 296 284 254 105 67 112 
3 8 7 404 409 148 410 545 588 557 198 17 16 12 76 42 57 45 
3 6 4 93 130 533 534 514 221 19 57 75 67 
2 7 3 352 607 619 409 411 636 29 19 57 45 
8 6 2 611 641 348 349 597 164 10 9 
9 4 2 318 394 534 428 57 75 
8 7 4 293 296 261 260 70 149 79 61 53 46 41 
9 6 4 527 514 218 21 233 27 27 28 19 57 
0 8 4 198 112 116 214 215 221 38 281 21 19 15 17 
7 4 1 640 237 239 248 37 
1 3 0 626 576 563 
2 11 6 48 284 268 543 531 272 382 82 480 194 567 94 19 57 56 87 48 
7 4 1 599 196 182 166 24 
4 7 5 520 101 518 500 515 524 344 11 117 12 77 75 
2 11 5 136 135 405 361 360 156 149 351 353 355 100 120 59 123 55 85 
2 7 2 635 559 437 400 639 513 606 55 89 
9 4 2 639 652 623 648 57 78 
2 2 1 270 604 56 
5 9 6 238 255 131 297 387 388 390 389 334 12 109 41 46 48 39 
3 9 4 447 185 172 168 178 181 104 430 109 13 5 6 29 
2 11 7 61 60 260 251 247 488 416 554 306 572 147 42 75 43 41 37 61 53 
2 10 7 23 180 104 209 214 216 219 16 281 406 18 20 19 15 13 44 2 
9 3 1 55 4 169 4 
6 6 4 53 52 80 519 475 514 57 45 38 50 
0 4 2 555 563 87 182 29 35 
3 7 3 240 251 258 263 71 358 361 54 62 37 
9 11 7 256 249 415 294 592 554 302 339 598 524 597 11 117 12 109 41 46 39 
7 9 5 428 526 525 452 603 612 180 178 168 2 13 12 109 57 
3 4 2 629 182 173 0 0 24 
1 15 5 252 257 75 291 295 416 440 311 458 208 207 176 58 6 24 14 41 63 49 39 
9 6 3 127 307 305 467 456 48 45 57 43 
5 5 2 248 498 488 487 465 41 37 
5 6 5 141 88 397 595 221 223 21 19 57 45 40 
1 7 6 69 464 364 320 333 283 39 22 18 115 57 45 60 
6 10 6 537 551 42 550 97 410 545 529 555 541 12 76 42 72 40 41 
9 5 3 469 148 481 471 472 19 57 42 
0 3 0 615 47 207 
9 15 7 68 149 157 449 403 407 143 84 37 186 22 171 173 197 26 0 6 29 31 19 57 45 
4 4 1 318 553 323 346 113 
4 5 2 456 449 463 435 442 57 45 
5 2 1 64 526 57 
2 5 2 512 514 507 509 28 32 19 
1 6 2 634 45 174 165 22 182 6 5 
8 4 2 462 608 547 579 42 56 
8 5 2 391 511 508 512 516 57 75 
2 5 3 96 152 109 163 164 90 12 77 
7 3 0 379 231 234 
8 3 2 651 74 640 49 63 
0 5 2 86 33 205 26 27 25 34 
0 3 0 616 578 558 
6 8 1 173 175 35 401 128 393 392 91 1 
4 5 3 554 444 548 377 359 55 57 43 
1 8 7 410 148 467 633 49 640 249 244 37 39 49 47 45 57 42 
3 1 0 76 
0 5 3 159 533 534 600 602 45 57 75 
3 6 4 59 347 341 522 459 500 12 118 10 9 
6 5 2 332 521 312 335 342 117 110 
3 7 4 521 502 515 524 343 55 57 4 8 11 117 
8 2 1 623 422 57 
2 5 2 449 585 63 549 399 85 57 
8 8 3 143 407 408 409 122 123 255 237 45 57 26 
0 6 4 121 404 409 408 217 224 21 19 57 45 
3 2 1 117 156 59 
2 10 7 459 460 461 613 422 421 117 70 258 263 61 59 60 45 57 109 12 
5 4 3 234 643 517 204 34 95 28 
1 4 2 0 36 341 522 10 0 
5 13 8 252 243 53 118 117 464 467 320 406 160 161 414 190 18 115 57 45 60 59 36 39 
7 2 1 16 225 21 
4 12 8 286 51 157 503 508 511 485 325 484 7 170 168 6 1 83 113 43 57 45 49 
9 1 0 497 
8 2 1 205 33 34 
9 7 2 187 86 495 346 334 312 627 16 29 
3 11 4 355 291 295 299 310 390 389 603 211 371 374 12 109 41 63 
2 12 8 69 363 397 433 525 494 430 54 200 179 641 348 2 3 13 12 109 57 45 60 
9 5 3 509 28 192 200 66 3 31 32 
1 4 1 585 595 528 570 19 
2 6 4 19 182 544 566 201 18 17 13 31 29 
0 3 0 496 651 291 
6 5 4 632 108 624 130 586 67 75 42 57 
7 7 5 245 242 362 363 397 304 413 43 57 45 60 50 
3 2 1 357 118 59 
6 9 5 470 31 32 33 34 4 55 349 330 8 4 6 29 33 
8 3 1 602 89 558 45 
3 6 2 97 425 583 414 473 535 14 42 
6 3 1 630 182 19 29 
7 4 2 591 100 288 256 49 74 
5 5 2 165 0 7 401 322 7 1 
6 6 1 607 50 289 100 591 141 63 
1 8 4 358 71 265 273 271 411 379 143 19 56 62 54 
0 3 1 233 231 626 27 
6 5 3 509 379 492 467 499 45 57 26 
1 4 2 343 345 340 494 12 118 
6 5 2 485 511 444 512 150 57 75 
9 5 3 637 656 113 180 212 44 2 80 
7 7 2 371 155 54 430 109 152 96 77 13 
1 4 2 599 185 630 193 31 29 
6 3 2 391 101 556 42 75 
6 2 1 439 221 19 
1 3 0 559 620 593 
0 13 7 567 190 67 646 526 527 122 123 254 41 81 351 353 47 73 45 57 43 14 15 
6 12 9 539 538 211 66 167 166 187 25 204 599 504 233 28 34 25 24 29 6 2 3 12 
2 4 3 217 595 587 556 42 57 19 
5 5 2 502 505 303 512 516 57 43 
1 10 6 258 261 488 487 554 525 452 581 566 567 31 13 12 109 41 46 
7 8 3 32 31 83 636 396 395 157 351 45 57 28 
0 10 4 341 347 114 115 84 143 471 514 512 457 19 35 9 10 
4 4 1 432 526 445 110 57 
0 2 0 631 649 
0 12 4 187 448 454 622 552 278 275 608 621 619 607 352 45 56 31 29 
7 8 4 134 64 303 308 573 553 589 35 113 43 57 55 
7 5 2 517 33 86 85 346 29 34 
7 4 1 536 564 148 518 57 
0 6 1 525 394 520 455 90 146 67 
9 7 4 368 47 545 605 579 550 591 72 42 76 13 
3 4 2 293 294 132 62 46 41 
9 6 4 244 248 252 640 73 355 49 39 98 37 
2 10 5 248 415 441 527 396 536 21 31 32 185 33 26 57 45 37 
7 11 7 373 375 167 171 36 330 401 322 317 130 93 67 75 10 0 6 2 127 
8 5 2 563 523 557 323 510 16 17 
4 8 3 428 433 525 431 430 199 198 183 12 109 57 
5 5 3 620 309 638 623 429 55 57 43 
5 10 3 591 140 450 654 649 510 484 330 10 6 10 75 42 
6 9 2 116 458 276 424 457 383 562 561 261 62 79 
3 12 7 149 633 621 408 636 20 232 517 196 187 609 4 6 29 34 27 19 57 45 
2 5 2 586 315 317 322 501 75 67 
7 4 2 574 575 42 142 40 41 
8 7 3 295 299 465 309 67 473 84 15 14 43 
4 9 5 200 523 476 626 536 408 623 606 361 123 55 57 26 17 
6 5 3 536 540 28 192 14 17 31 32 
3 3 2 490 623 606 55 57 
3 2 0 647 475 
4 9 6 298 592 440 309 67 116 87 184 197 29 35 15 14 43 41 
4 7 5 614 78 56 8 5 172 629 6 4 8 10 11 
3 2 0 274 462 
9 7 4 398 445 468 216 214 116 112 15 19 57 55 
7 7 1 199 479 502 400 424 457 462 79 
0 3 1 96 43 506 42 
1 2 0 661 662 
7 8 6 39 223 217 411 409 404 50 286 47 45 57 19 21 23 
5 7 5 113 331 327 325 318 130 316 67 75 113 7 9 
3 10 6 18 201 47 494 493 304 269 63 134 133 84 57 43 109 12 17 
1 8 5 61 154 153 64 378 82 83 31 19 57 55 88 54 
2 6 3 195 187 86 85 337 545 12 16 29 
4 6 3 429 135 399 400 529 459 12 85 55 
7 8 6 170 34 186 454 381 216 532 272 57 19 15 31 29 6 
5 6 2 418 538 539 461 533 391 109 12 
9 7 4 238 52 81 619 621 490 333 115 57 45 38 
9 5 0 476 473 622 583 661 
5 3 1 419 624 485 75 
8 6 3 134 135 399 137 38 225 21 85 55 
2 1 0 102 
3 15 3 6 58 176 418 479 312 276 278 275 663 562 72 565 247 248 53 56 92 
7 4 0 617 559 620 593 
9 11 5 446 560 511 309 161 160 138 38 224 227 29 26 23 20 14 75 
8 4 2 605 43 505 458 43 42 
3 5 3 509 507 532 489 405 55 57 26 
8 3 1 544 629 495 29 
8 6 4 316 315 317 322 129 331 7 83 75 67 
2 6 4 199 192 193 229 226 39 23 26 94 31 
7 3 2 0 173 25 24 0 
4 5 1 15 160 620 625 452 12 
1 8 2 169 5 57 177 611 612 644 622 2 4 
0 5 2 420 491 586 93 92 67 41 
7 6 4 230 407 408 65 405 361 123 55 57 26 
4 9 3 358 360 60 259 251 250 41 81 607 39 53 122 
5 9 5 9 169 188 192 14 337 102 410 145 76 12 16 17 6 
5 5 3 170 23 1 18 369 17 3 6 
0 5 1 509 536 378 269 383 19 
1 6 3 28 540 507 650 647 531 57 26 32 
6 2 0 266 314 
8 12 10 183 448 454 214 601 438 548 153 154 61 107 119 59 52 54 88 55 57 19 15 31 29 
0 4 0 576 541 542 437 
4 16 6 372 104 603 545 605 587 585 383 562 268 415 245 253 256 287 290 39 97 62 57 76 13 
2 10 5 76 78 524 515 529 313 332 283 17 224 22 18 14 117 11 
5 3 2 304 306 317 75 43 
2 2 0 663 516 
7 6 3 202 112 116 67 309 533 14 15 17 
9 8 2 457 383 562 561 574 285 354 352 49 62 
1 5 3 157 527 613 590 317 43 57 45 
7 7 5 59 331 324 325 318 101 145 42 75 113 7 9 
4 7 4 126 574 575 42 578 397 320 57 45 40 41 
4 14 7 356 121 48 284 46 482 481 218 231 232 203 33 22 9 29 34 27 19 57 45 59 
9 8 4 144 141 97 547 613 465 416 491 43 57 42 72 
7 3 1 626 220 468 19 
8 4 2 270 272 532 536 57 56 
4 14 6 273 275 424 137 282 39 223 219 412 143 84 115 114 59 9 64 21 23 20 56 
5 5 3 469 148 396 412 472 19 57 42 
8 1 0 652 
9 7 1 284 296 299 310 308 319 326 107 
8 4 0 620 622 644 418 
6 7 4 249 415 46 397 403 402 21 19 57 45 37 
9 8 5 12 109 152 145 142 89 363 69 60 40 86 77 12 
8 6 0 91 392 393 423 401 77 
4 6 1 588 593 594 582 457 270 79 
1 3 2 66 18 201 17 3 
9 9 3 254 243 240 247 575 292 586 392 590 67 41 37 
9 7 3 188 190 13 311 303 489 377 55 57 43 
2 16 5 245 240 243 254 537 314 321 408 407 231 27 26 197 30 3 55 4 30 19 57 48 
3 4 1 486 91 520 386 66 
9 7 5 14 336 162 400 399 135 405 55 85 14 12 16 
4 8 4 427 530 82 411 436 619 149 120 47 45 57 26 
7 8 4 253 254 123 122 384 650 15 332 19 57 45 39 
7 8 3 115 84 143 82 378 269 273 265 56 19 35 
1 6 3 404 409 408 407 228 235 19 57 45 
3 3 0 628 400 625 
3 9 6 174 11 164 163 431 432 303 64 398 55 57 109 12 90 5 
4 10 6 265 267 274 272 534 302 339 335 342 343 11 117 12 109 57 100 
7 5 4 629 544 193 480 540 26 94 31 29 
3 5 3 480 528 403 508 388 43 57 26 
6 4 1 11 178 181 372 2 
7 5 3 557 18 1 23 4 6 3 17 
5 8 4 491 586 560 573 553 324 584 59 7 113 75 105 
7 7 1 301 590 434 510 484 76 347 7 
4 6 3 301 474 130 93 92 496 68 67 43 
3 8 3 142 146 100 73 640 238 241 40 37 50 74 
1 5 4 478 293 301 534 532 57 43 106 41 
2 3 2 631 624 642 42 75 
1 2 1 19 206 25 
4 9 3 549 136 277 138 559 161 555 190 188 18 79 85 
0 4 3 384 532 218 29 26 19 57 
7 11 7 99 255 250 40 119 117 421 503 508 474 442 57 45 60 59 36 37 39 
2 3 0 493 466 594 
7 3 2 632 445 377 55 57 
9 4 2 300 425 624 631 75 42 
4 2 0 540 471 
9 3 1 78 330 328 10 
9 4 2 117 156 62 133 52 59 
9 6 4 455 130 435 453 452 451 12 109 75 67 
4 4 1 419 148 514 636 57 
3 8 3 26 427 231 227 17 282 137 136 22 23 27 
7 3 2 633 621 546 57 45 
3 2 0 74 50 
1 5 2 215 214 473 87 183 35 96 
3 6 3 283 332 313 466 43 419 43 110 18 
0 3 1 590 613 546 57 
0 8 3 295 299 310 311 162 430 104 212 13 14 41 
9 7 5 365 538 494 525 304 269 531 56 43 109 12 13 
7 12 5 114 348 343 164 163 102 147 108 364 46 262 259 45 57 76 12 90 
0 4 1 263 60 107 357 52 
5 2 0 616 519 
6 7 2 113 331 484 326 631 520 455 83 9 
2 5 2 374 371 155 557 495 16 17 
7 6 3 229 412 382 422 89 90 45 57 26 
5 5 2 279 137 38 222 507 19 21 
5 5 2 92 42 296 537 286 46 41 
2 13 5 202 44 113 584 324 580 442 560 316 292 551 266 151 105 75 7 2 44 
3 8 3 110 153 154 61 120 121 351 352 59 54 88 
0 2 0 348 656 
6 7 2 212 104 581 625 426 425 95 43 44 
4 10 5 86 85 336 102 147 96 140 144 94 355 63 71 76 12 65 
3 6 3 122 364 433 308 319 326 43 57 45 
9 4 1 134 513 111 277 78 
8 8 4 165 23 181 612 12 102 147 95 76 12 13 6 
1 9 4 3 173 197 26 427 231 218 221 224 21 19 27 24 
0 12 5 330 10 173 195 32 31 83 82 15 138 277 111 20 28 24 0 10 
5 3 1 615 625 67 12 
3 12 5 259 261 297 42 90 455 392 442 385 327 7 175 7 75 40 41 46 
2 2 1 657 356 59 
9 8 4 1 155 201 479 502 466 508 503 57 43 13 17 
6 6 1 565 131 123 122 483 486 45 
2 5 3 320 364 122 123 125 73 45 57 
5 1 0 473 
4 6 4 50 404 475 546 333 332 18 115 57 45 
8 6 2 434 394 463 449 456 81 45 57 
1 4 1 614 11 2 106 11 
0 13 6 252 256 287 94 144 486 91 392 386 385 323 14 155 17 16 67 69 49 39 
0 3 0 559 635 636 
4 5 2 300 304 396 528 570 19 57 
8 7 6 570 39 283 406 490 108 556 42 57 115 18 22 23 
5 3 1 567 37 637 31 
6 4 2 535 523 557 346 17 35 
5 5 3 174 177 611 105 523 17 44 5 
7 15 8 176 174 175 7 129 385 386 306 388 387 298 290 289 51 121 63 103 107 43 114 83 7 0 
5 8 1 496 486 455 392 474 426 13 381 67 
1 2 0 95 139 
6 7 3 428 433 432 431 430 54 198 12 109 57 
8 5 1 136 497 466 307 127 14 
7 12 4 169 9 329 327 326 319 159 316 292 296 596 358 46 105 75 7 
0 10 7 251 124 264 543 531 270 279 399 549 110 85 101 56 87 62 53 61 
7 5 2 154 61 103 483 146 45 54 
8 4 3 167 376 373 370 126 127 2 
2 9 6 244 250 256 288 290 478 487 506 590 41 103 63 49 39 37 
8 4 2 615 47 566 567 31 13 
1 4 3 556 547 548 549 55 57 42 
6 5 3 234 228 220 380 364 57 19 28 
4 11 9 171 609 544 454 214 601 595 621 616 362 241 50 60 45 57 19 15 31 29 6 
7 10 7 418 191 28 29 227 17 282 280 111 110 79 20 23 26 32 31 13 
3 15 10 81 52 239 244 125 537 551 387 554 302 339 340 345 78 36 10 11 118 12 109 41 48 61 37 38 
6 6 4 494 12 201 155 371 373 3 17 13 12 
9 8 5 464 483 139 419 147 102 337 323 16 12 76 70 40 
5 7 4 106 5 172 182 25 205 447 25 24 29 6 
6 9 7 99 98 527 396 218 229 194 544 172 29 31 26 19 57 45 73 
2 4 1 576 115 114 331 9 
1 2 0 121 68 
0 3 0 639 276 13 
7 8 4 356 120 360 359 606 623 608 516 57 55 122 59 
5 8 3 2 3 30 19 206 235 228 226 28 95 25 
6 7 4 360 103 384 382 216 381 209 15 19 57 45 
6 9 6 354 257 238 362 421 422 303 413 414 43 57 45 60 50 49 
7 5 0 128 328 584 344 522 
3 5 3 314 262 260 70 68 59 61 46 
8 1 0 144 
7 7 2 365 644 414 426 511 315 91 43 13 
6 7 5 597 10 171 23 1 200 369 17 2 6 0 10 
3 6 3 429 445 380 220 143 84 19 57 55 
5 3 0 100 287 640 
0 4 2 601 468 623 513 57 19 
9 8 3 165 9 329 327 322 317 315 93 67 112 9 
7 3 2 643 233 427 27 28 
5 8 6 28 540 402 403 621 602 107 68 59 52 45 57 26 32 
8 8 4 577 596 574 48 607 353 355 291 63 120 47 54 
6 6 4 49 477 482 463 466 161 43 57 45 47 
6 3 2 94 288 640 49 63 
2 9 6 630 37 476 626 570 223 222 650 648 57 19 21 23 35 31 
7 6 2 92 141 469 425 466 437 42 72 
2 4 2 519 89 558 93 40 45 
3 6 4 226 29 28 186 166 23 29 31 32 26 
9 4 1 607 50 74 291 47 
3 14 9 106 5 34 448 454 213 601 411 600 363 362 243 255 126 50 60 45 57 19 15 31 29 6 
0 8 4 434 474 466 400 137 16 223 39 23 21 20 43 
9 4 2 335 342 343 348 11 117 
3 5 3 496 88 527 65 513 57 45 40 
7 6 2 251 258 264 561 132 133 62 61 
5 6 3 442 101 95 139 89 122 40 42 75 
0 4 1 68 70 246 245 59 
0 0 0 
2 3 1 252 238 239 39 
2 4 2 253 640 51 633 49 39 
0 6 1 442 435 440 443 575 565 107 
0 3 2 637 523 557 17 35 
9 1 0 664 
5 6 4 372 202 54 191 186 187 29 31 13 44 
3 8 3 273 271 438 412 229 194 192 155 31 26 56 
3 7 3 115 563 214 215 378 585 516 57 19 15 
2 6 4 68 120 103 475 492 221 19 57 45 52 
0 1 0 98 
6 6 4 553 573 306 583 497 111 14 43 75 113 
8 12 6 197 26 427 20 218 481 482 477 80 52 239 245 38 45 57 19 26 27 
4 12 8 117 363 384 382 216 381 209 211 66 167 165 10 0 2 3 15 19 57 45 60 
1 10 6 38 217 492 384 499 498 242 243 256 354 49 50 46 45 57 19 
8 5 2 285 131 132 358 361 46 48 
9 4 2 577 596 46 578 45 54 
1 2 0 497 555 
6 7 3 294 268 151 531 608 532 528 56 87 46 
5 11 6 173 197 26 27 20 407 408 409 404 51 257 47 45 57 26 27 24 
8 7 2 501 589 76 10 24 195 204 0 10 
5 3 0 576 87 610 
6 4 3 358 133 429 65 55 84 54 
1 5 2 552 162 12 199 366 13 12 
3 9 6 27 234 228 230 193 37 112 105 44 44 17 31 94 28 27 
1 6 5 365 209 213 216 382 428 57 19 96 15 13 
4 3 0 645 641 23 
7 8 4 645 641 177 57 5 609 448 194 31 29 4 2 
6 6 3 188 193 480 407 15 138 26 94 31 
0 4 1 219 595 587 605 57 
9 5 1 23 641 584 401 553 9 
3 5 1 333 635 407 569 504 18 
9 8 4 80 519 88 486 91 520 485 325 113 75 40 45 
0 5 3 591 141 97 648 632 57 42 72 
0 6 4 570 229 193 186 34 23 29 31 94 26 
3 2 0 372 612 
2 8 4 161 160 333 490 503 499 498 242 46 45 57 115 
1 7 3 509 472 476 112 200 179 375 2 3 35 
2 9 6 188 191 538 452 453 43 419 139 496 40 42 109 12 13 31 
5 2 0 11 522 
3 6 2 450 654 649 510 589 645 75 42 
9 12 8 441 482 526 413 414 209 211 179 167 609 185 447 29 6 2 13 14 43 57 45 
3 2 0 655 446 
7 3 1 366 523 476 17 
1 6 3 368 191 194 230 220 15 26 31 13 
7 4 2 639 652 571 638 57 78 
4 3 1 437 646 638 43 
2 10 7 582 280 38 225 227 228 504 599 205 25 25 33 26 23 21 20 79 
4 8 4 295 487 506 505 414 189 448 185 29 31 14 41 
1 4 2 596 133 134 606 55 84 
8 6 3 212 104 479 539 390 506 109 12 44 
4 4 2 550 89 421 69 60 40 
2 4 2 230 20 232 206 95 26 
2 4 1 10 165 609 610 0 
6 12 7 353 355 75 285 255 253 245 498 488 487 506 505 41 97 39 48 49 63 120 
4 2 0 662 618 
1 8 5 480 227 17 282 137 399 135 377 55 85 22 23 26 
7 10 6 149 48 284 314 321 305 390 389 12 201 13 12 109 43 57 48 
1 4 0 582 594 583 474 
9 4 2 599 33 544 454 31 29 
3 6 3 267 266 131 286 289 94 49 48 62 
1 7 3 417 511 434 510 129 7 170 1 7 82 
7 2 0 473 637 
3 4 1 360 602 578 140 45 
8 6 4 352 354 49 404 527 571 57 45 47 49 
0 8 4 427 530 528 439 381 209 365 367 124 13 15 19 
1 8 3 35 327 385 319 560 316 491 575 105 75 7 
6 5 2 300 301 293 297 284 41 106 
5 5 2 481 475 477 350 237 45 57 
7 10 7 459 460 461 433 467 456 350 53 118 357 59 36 50 45 57 109 12 
7 5 3 79 519 527 490 406 115 57 45 
4 8 1 331 401 423 393 394 417 416 420 83 
6 2 1 18 660 17 
3 6 3 82 595 587 579 550 591 72 42 57 
1 6 3 359 405 65 403 402 229 19 57 55 
0 8 5 71 72 261 488 292 446 130 391 75 67 41 46 62 
1 9 6 318 325 328 331 9 23 376 374 370 126 127 2 9 83 113 
2 6 2 357 121 456 436 269 462 57 45 
2 10 3 171 175 7 328 423 393 394 304 445 110 57 7 0 
1 6 5 55 349 78 342 515 500 12 117 11 10 8 
3 11 6 150 270 279 280 281 160 161 162 12 210 212 13 12 18 20 79 56 
1 4 2 167 180 104 418 44 2 
1 4 2 25 184 166 4 6 24 
6 10 2 416 417 394 127 423 328 329 9 5 2 6 43 
7 2 0 597 77 
0 5 2 326 484 331 9 169 9 83 
8 3 1 289 286 126 49 
6 17 9 344 164 163 593 552 137 281 406 320 269 663 267 72 124 125 254 250 48 61 53 56 115 18 20 12 90 
9 8 6 158 131 132 154 153 64 378 222 19 57 55 88 54 48 
2 9 6 144 578 467 305 311 67 116 112 366 35 15 14 43 57 45 
7 4 2 647 648 97 550 72 42 
6 2 1 650 508 57 
1 6 1 420 443 506 413 400 277 43 
1 3 1 546 648 419 57 
2 9 7 358 154 153 64 303 309 13 208 368 13 14 43 57 55 88 54 
5 4 1 351 50 256 253 39 
8 12 8 504 470 220 595 64 429 133 62 60 259 125 158 48 53 54 84 55 57 19 28 
5 5 3 428 568 556 142 558 86 42 57 
5 2 1 43 579 42 
5 9 7 281 333 546 503 499 565 260 244 242 37 61 46 45 57 115 18 
4 3 2 311 303 321 57 43 
4 4 1 643 569 480 194 28 
0 12 6 158 255 237 350 456 422 305 307 393 510 327 329 75 43 57 45 39 48 
6 19 9 106 3 165 22 184 197 26 27 231 227 223 222 411 409 404 350 239 246 258 50 45 57 19 21 23 27 24 6 
8 2 1 105 660 17 
2 9 5 173 196 203 235 569 402 380 148 145 42 57 28 95 24 
1 5 2 623 514 636 569 643 19 57 
3 6 3 152 469 141 483 441 268 45 40 72 
6 9 5 260 264 543 604 585 438 636 83 235 19 56 87 62 53 
7 4 2 586 520 654 642 42 75 
9 2 0 658 301 
4 9 4 131 296 292 316 315 317 322 324 77 112 67 41 46 
0 10 7 243 362 363 397 396 220 230 194 191 210 13 31 26 19 57 45 60 
4 2 0 639 278 
9 3 1 601 213 189 15 
8 7 1 115 541 542 552 278 275 383 15 
5 4 2 270 663 267 264 62 56 
6 3 0 525 646 620 
3 3 1 607 619 89 45 
6 6 5 398 64 304 390 389 334 12 109 43 57 55 
1 5 1 635 332 521 625 479 110 
0 8 4 562 274 647 395 633 51 640 253 39 47 45 56 
6 16 9 70 68 69 464 88 92 93 159 649 510 327 77 36 0 170 169 1 0 10 67 40 45 60 58 59 
9 8 2 19 24 3 2 178 611 612 566 13 4 
8 10 4 294 387 388 306 386 385 324 329 113 1 9 114 43 41 
7 9 2 210 208 13 311 310 299 295 291 73 107 15 
6 5 2 491 592 618 638 623 57 43 
4 5 4 610 630 192 18 179 3 17 31 29 
6 3 2 361 606 110 55 123 
7 5 1 592 554 583 594 582 107 
3 5 1 426 465 487 488 415 41 
7 3 0 106 2 45 
4 6 1 478 443 465 466 458 473 107 
8 8 5 232 234 21 227 17 282 280 279 79 20 23 26 27 
5 7 4 634 614 451 479 566 193 480 94 31 13 90 
9 6 5 501 557 105 181 375 373 127 2 44 17 16 
2 4 1 83 379 564 428 57 
4 4 1 586 491 297 266 105 
1 7 6 222 481 482 103 120 119 53 36 59 52 45 57 19 
9 6 3 410 108 422 499 498 40 37 45 57 
9 7 3 546 463 390 539 581 418 176 12 109 57 
5 5 2 607 49 289 94 144 63 49 
0 10 5 1 211 479 338 300 301 293 551 247 248 46 41 106 108 12 
8 5 3 486 483 475 489 405 55 57 45 
7 6 4 138 277 136 549 153 577 88 55 85 20 
5 9 6 39 225 219 411 65 405 361 358 71 54 123 55 57 21 23 
7 5 2 98 482 463 435 393 57 45 
9 8 6 439 438 436 421 362 350 351 353 47 50 60 45 57 19 
6 11 7 206 205 185 86 85 337 102 147 96 140 144 42 76 12 16 29 34 25 
1 4 3 568 571 398 577 88 55 57 
8 3 2 99 98 616 45 73 
6 5 3 156 117 616 441 575 46 60 59 
0 7 4 398 548 547 410 545 337 346 12 76 57 55 
6 7 4 29 412 564 148 419 139 496 40 42 57 26 
7 6 3 491 488 415 244 70 68 59 61 37 
3 1 0 320 
7 3 2 339 515 524 117 12 
0 12 6 376 180 105 54 581 494 390 388 592 296 574 99 41 109 12 17 44 2 
1 9 4 175 171 34 448 454 414 161 160 406 15 31 29 6 
4 9 6 469 108 269 150 151 71 62 156 68 59 54 62 87 56 42 
6 4 2 610 186 37 637 31 29 
2 4 1 140 42 575 561 41 
1 4 2 579 518 109 334 12 77 
9 4 0 442 474 505 437 
2 3 2 651 75 354 49 63 
7 10 1 247 266 267 274 275 278 276 312 47 207 56 
5 14 9 176 58 8 56 36 171 166 544 194 230 471 492 272 383 57 26 31 29 6 0 10 8 5 
3 5 3 580 323 14 369 367 125 17 16 
4 8 4 522 341 349 55 6 30 195 517 24 4 8 10 
0 7 3 50 477 364 490 406 160 161 115 57 45 
7 8 3 416 506 505 458 209 104 372 374 44 13 14 
8 4 3 546 568 572 319 75 42 57 
8 15 6 31 83 379 15 333 320 269 273 265 72 262 247 240 362 69 60 50 62 56 115 28 
7 3 0 72 565 441 
2 11 3 183 34 170 35 401 128 127 392 91 90 142 66 1 6 
1 4 1 90 91 315 386 67 
4 6 1 597 11 58 3 173 196 5 
0 14 8 120 360 359 377 135 136 280 282 17 227 569 504 599 204 33 26 23 20 79 85 55 122 
2 6 5 365 367 370 373 375 178 2 127 126 125 124 
6 2 0 474 318 
5 3 0 274 562 266 
0 2 0 140 89 
7 8 3 543 150 270 279 552 555 190 188 79 56 87 
0 7 3 521 309 465 487 478 290 100 103 107 43 
0 3 0 284 48 79 
8 7 3 243 350 619 621 378 82 231 19 57 45 
0 4 1 258 244 498 499 37 
7 5 3 232 206 19 187 172 29 25 95 
2 8 6 172 186 190 381 215 468 384 464 45 57 19 15 31 29 
7 4 2 352 355 287 257 63 120 
3 4 3 571 568 572 573 75 42 57 
6 6 2 90 89 456 81 41 252 38 45 
4 4 1 521 542 541 535 14 
1 3 1 421 483 140 45 
0 4 1 611 612 603 102 13 
8 6 1 416 618 583 593 588 346 43 
9 7 4 606 549 136 137 282 39 570 23 20 85 55 
0 7 4 147 95 139 88 103 61 133 54 45 40 42 
1 8 5 186 86 85 336 539 493 508 490 57 109 12 65 29 
5 6 3 183 198 200 179 376 374 127 2 3 
9 3 1 412 635 332 19 
8 12 8 206 25 173 175 7 327 325 485 159 93 92 146 68 67 75 113 7 0 24 25 
8 5 2 592 297 415 242 53 50 46 
4 3 2 650 571 398 55 57 
4 7 4 486 483 441 262 124 70 118 59 61 46 45 
3 6 4 495 501 553 485 101 556 42 75 113 16 
3 5 2 359 377 135 399 582 85 55 
7 6 2 493 417 487 294 268 263 46 41 
2 8 5 540 218 532 463 302 339 334 346 12 109 57 19 26 
5 9 5 365 366 112 116 189 630 184 196 599 29 31 15 17 124 
6 6 0 447 195 24 6 58 176 
7 5 4 69 464 436 492 439 19 57 45 60 
1 3 1 616 477 607 45 
9 7 3 529 542 644 210 202 369 367 125 17 13 
1 14 10 232 20 226 225 16 280 279 270 150 151 264 259 251 40 37 53 62 87 56 79 20 21 23 26 
2 6 2 124 565 574 285 73 94 49 53 
0 11 8 286 131 46 483 550 469 572 573 553 401 77 113 75 42 72 40 45 46 48 
3 7 4 257 250 498 499 482 492 219 57 45 37 39 
8 4 2 564 304 308 573 43 57 
3 4 2 428 564 402 570 19 57 
0 4 1 625 500 518 579 77 
0 3 1 495 336 389 12 
0 3 2 450 624 560 75 42 
9 4 0 620 646 506 443 
1 11 6 287 94 144 141 97 624 631 580 323 14 198 17 16 75 42 72 69 
5 5 3 167 66 155 557 346 17 3 2 
4 3 2 122 364 632 57 45 
2 6 2 418 603 389 390 533 520 109 12 
2 4 1 535 563 555 552 35 
6 8 4 174 30 196 203 232 20 226 39 23 26 95 24 
4 2 1 133 154 54 
2 5 2 485 130 455 486 146 67 75 
6 10 5 146 142 145 152 500 588 495 629 609 168 6 65 12 77 86 
6 4 2 225 570 530 427 26 23 
8 4 2 478 575 561 562 46 41 
2 4 3 233 643 517 204 34 95 28 
6 2 1 659 478 41 
6 6 4 272 481 215 213 208 365 13 96 19 57 
1 2 0 362 237 
1 7 4 516 274 562 268 131 255 253 39 48 46 100 
8 3 0 254 284 314 
3 6 2 540 472 476 87 22 165 29 26 
8 8 6 46 384 382 215 381 189 191 368 13 31 15 19 57 45 
0 2 0 149 49 
9 5 1 43 440 387 551 537 107 
8 6 4 233 569 412 222 16 277 20 21 19 28 
4 4 2 158 537 551 293 41 48 
6 9 4 251 247 296 299 310 453 452 47 207 12 109 41 37 
5 2 0 278 639 
4 6 2 252 257 289 100 146 141 63 39 
4 2 1 579 648 42 
8 8 5 128 328 330 36 171 166 186 194 31 29 6 0 10 
8 4 3 318 101 148 428 57 42 75 
4 13 5 40 240 52 80 477 600 613 308 127 128 327 329 113 82 57 45 38 37 
5 3 1 493 613 321 57 
2 12 6 8 6 24 184 448 189 213 439 438 271 273 265 56 19 15 31 29 4 
5 7 2 520 511 466 458 454 448 33 29 31 
3 6 3 209 199 202 180 177 45 2 44 13 
7 2 1 43 450 42 
9 9 4 231 229 194 448 166 5 58 45 345 5 6 29 31 
5 4 1 500 588 501 589 12 
9 9 6 636 380 272 516 265 264 124 70 119 59 61 53 62 56 57 
2 5 2 237 362 616 621 608 45 60 
6 4 2 490 395 578 558 45 57 
7 11 6 376 179 200 192 37 576 472 471 595 489 398 55 57 26 17 3 2 
9 9 3 523 563 458 426 444 271 274 267 266 57 43 35 
6 3 1 661 654 648 42 
1 6 3 592 298 290 288 51 80 49 63 103 
2 10 4 81 157 600 108 101 434 510 589 329 59 7 42 57 45 
2 6 3 391 511 526 403 15 138 19 57 75 
5 9 6 393 394 305 395 98 99 125 70 356 59 61 48 73 45 57 
2 10 2 262 296 299 310 308 319 326 327 77 56 114 41 
3 8 4 383 608 108 605 615 451 614 597 90 12 76 57 
0 2 1 610 630 29 
7 6 3 214 215 380 534 307 127 43 57 19 
2 2 0 656 344 
9 7 2 41 79 51 288 100 146 92 63 49 
6 4 2 363 503 613 590 57 45 
5 7 4 600 363 362 241 247 284 285 37 50 60 45 
6 3 1 621 534 308 57 
5 12 7 80 121 120 61 596 314 632 564 216 213 209 368 13 15 96 19 57 54 47 
5 3 0 563 622 594 
8 6 4 139 419 425 638 650 216 19 57 43 70 
7 1 0 58 
4 4 2 576 37 191 418 13 31 
2 5 1 447 33 22 5 2 6 
9 3 1 559 617 17 22 
6 6 3 420 443 440 461 460 459 12 109 41 
2 3 1 652 623 632 57 
6 9 5 62 602 600 468 601 214 563 87 183 35 96 19 57 45 
4 4 0 455 560 533 493 
4 3 0 72 561 659 
6 7 2 596 262 60 120 149 48 126 59 46 
7 8 2 137 38 219 601 213 622 625 500 14 19 
7 6 4 293 551 537 125 260 60 53 61 46 41 
4 5 2 125 258 565 132 577 54 61 
3 6 3 144 139 95 147 102 581 76 70 40 
3 3 1 191 538 598 13 
8 6 3 507 509 28 192 155 66 3 31 32 
4 13 5 24 175 35 328 326 319 159 91 90 88 602 107 357 52 45 40 75 1 
0 8 7 21 226 225 222 382 445 153 154 88 55 57 19 21 23 26 
7 3 1 630 22 165 29 
3 3 1 478 592 618 41 
9 9 3 250 251 259 72 151 604 608 408 536 56 87 37 
8 6 4 488 499 503 492 219 223 19 57 45 46 
9 11 6 459 460 461 638 364 633 121 107 61 358 359 52 47 45 57 109 12 
4 7 5 134 64 403 407 29 28 186 31 32 19 57 55 
5 7 4 494 336 495 86 22 4 55 4 6 65 12 
0 4 1 332 627 458 644 110 
7 8 6 429 135 399 497 162 340 345 78 11 118 12 79 85 55 
3 14 6 256 287 290 298 491 586 560 474 525 539 336 85 86 183 16 12 109 67 41 103 
9 14 10 510 129 77 10 30 25 206 235 83 226 223 16 280 424 79 20 21 23 28 95 25 24 0 7 
4 13 9 178 180 202 112 563 213 439 564 409 98 99 254 249 48 73 45 57 19 15 17 44 2 
9 5 4 477 475 568 572 391 75 42 57 45 
2 6 2 168 167 181 210 581 312 2 6 
4 7 4 45 345 340 460 461 425 145 42 109 12 118 
4 6 3 27 234 83 220 635 283 19 28 27 
0 7 3 228 402 403 271 63 405 361 123 57 26 
9 4 2 417 662 293 659 41 106 
6 6 3 8 57 177 180 210 191 13 2 4 
1 2 1 44 178 2 
6 4 3 554 309 67 189 15 14 43 
5 11 3 354 73 291 295 299 506 308 319 326 323 85 114 41 49 
1 7 4 210 538 545 642 469 550 146 72 42 76 13 
6 5 3 513 571 568 572 560 75 42 57 
5 2 0 153 110 
1 6 4 70 107 602 600 526 300 57 45 52 59 
2 11 4 106 58 176 207 47 500 518 568 571 377 359 55 57 77 13 
4 8 4 164 163 494 453 310 299 488 596 41 109 12 90 
0 8 4 238 52 80 157 482 650 379 20 19 57 45 38 
3 3 1 10 30 195 0 
9 11 5 290 287 286 123 122 384 382 215 381 208 54 15 19 57 45 63 
3 4 2 590 309 67 116 15 14 
0 5 2 319 511 508 503 519 45 57 
1 4 2 535 523 557 346 17 35 
2 3 1 97 425 618 42 
8 7 2 87 116 414 413 417 487 420 43 35 
3 7 6 49 519 503 305 453 452 334 12 109 43 57 45 47 
8 5 1 250 257 287 100 591 39 
4 7 3 38 217 402 228 31 447 204 33 26 19 
1 3 2 339 451 164 90 12 
7 5 1 521 529 538 211 66 3 
6 4 2 241 244 259 263 61 37 
1 6 3 429 445 463 308 442 326 43 57 55 
0 2 1 125 126 48 
8 4 1 184 22 9 584 6 
5 13 6 195 32 31 83 218 380 269 150 151 263 124 246 240 61 53 87 56 19 28 
0 6 4 472 507 380 463 306 485 75 43 57 26 
2 7 6 98 88 141 579 605 615 12 12 76 42 72 40 45 
2 1 0 601 
7 4 1 580 501 588 451 12 
5 5 3 292 478 290 355 353 120 63 103 
2 8 5 385 386 307 388 387 294 261 264 53 46 41 43 114 
1 2 1 459 615 12 
3 8 7 75 285 99 98 384 382 217 224 21 19 57 45 73 48 49 
0 8 5 451 452 453 444 449 441 268 151 46 45 57 109 12 
1 3 1 437 67 189 15 
8 5 4 363 364 305 461 460 109 43 57 45 
5 1 0 293 
5 6 2 311 529 515 524 343 348 11 117 
0 6 2 556 152 109 588 501 423 12 77 
1 4 3 597 524 598 338 12 117 11 
4 7 2 573 631 580 589 76 347 348 10 75 
7 6 3 419 587 585 604 151 71 62 87 57 
0 8 7 65 492 216 213 189 192 369 370 125 17 31 15 96 19 57 
5 8 5 181 210 12 339 302 463 449 456 45 57 109 12 13 
2 6 3 451 502 505 508 489 429 55 57 43 
4 7 4 366 14 501 510 434 624 556 42 83 16 17 
9 4 1 518 587 548 110 57 
9 10 4 558 496 94 75 257 237 239 246 260 565 61 39 49 63 
8 6 4 400 162 337 14 369 367 125 17 16 12 
7 3 1 486 144 94 40 
1 4 1 486 578 519 79 45 
5 9 4 371 211 208 214 215 378 482 619 81 45 57 19 15 
8 8 4 71 543 531 271 303 474 442 326 43 56 87 62 
8 9 4 203 185 86 85 336 452 453 440 443 109 12 65 34 
1 5 2 513 489 564 536 530 19 57 
8 10 7 248 40 118 156 103 578 140 450 152 109 77 40 45 52 59 36 37 
6 2 0 652 153 
1 12 4 371 211 47 460 461 310 299 296 284 48 149 357 46 107 109 12 
4 7 2 590 583 622 208 612 105 557 17 13 
5 8 6 164 163 109 152 108 445 134 133 84 55 57 77 12 90 
8 4 1 150 647 648 642 57 
3 10 8 381 216 396 395 103 60 124 246 249 252 39 37 61 53 52 45 57 19 
2 4 1 598 593 413 534 43 
6 2 0 160 333 
4 5 2 235 21 379 492 489 57 26 
3 3 0 574 561 265 
9 3 1 614 344 59 9 
8 5 1 582 457 585 587 96 42 
8 5 1 292 551 565 263 151 46 
8 9 7 19 182 172 168 57 8 56 78 345 11 10 8 4 5 6 29 
7 3 0 627 646 618 
8 14 10 421 395 433 432 431 430 365 366 202 44 177 58 5 34 6 2 44 17 124 13 12 109 57 45 
6 4 3 450 547 548 549 55 57 42 
4 5 3 26 25 187 166 169 29 24 25 
5 3 1 79 633 578 45 
5 11 4 518 648 608 273 265 72 258 251 249 41 52 39 61 99 57 
1 9 4 136 424 457 272 449 456 350 240 245 47 45 57 79 
9 9 4 114 331 324 580 386 159 316 655 298 105 75 7 9 
8 8 5 342 335 338 300 526 436 441 268 45 57 108 12 117 
3 8 4 39 225 16 277 552 555 541 523 14 20 21 23 
2 9 5 341 347 9 166 87 84 143 220 378 19 35 29 9 10 
0 11 9 183 544 28 540 407 564 467 464 117 118 40 36 59 60 45 57 26 32 31 29 
0 7 2 373 371 66 113 584 589 580 2 3 
5 6 4 136 135 398 577 132 561 54 88 55 85 
4 6 3 95 410 615 47 368 370 125 12 76 
3 5 3 543 531 512 546 406 115 56 87 
1 6 2 393 573 553 589 584 59 7 113 
0 7 4 172 170 7 324 322 317 315 112 7 1 6 
4 8 5 406 281 280 276 413 306 392 446 75 43 79 20 18 
5 2 0 612 644 
7 5 2 391 624 95 139 558 42 75 
9 10 5 273 63 571 595 402 20 232 517 196 184 34 27 19 57 56 
7 6 2 403 507 21 504 447 185 33 26 
5 5 2 597 76 329 641 44 2 10 
2 6 2 287 50 79 52 241 246 37 50 
7 5 2 531 271 514 528 509 19 56 
9 5 3 530 528 396 409 103 45 57 26 
4 5 4 519 527 532 222 225 21 19 57 45 
0 12 2 259 262 314 321 303 308 127 128 328 35 175 24 43 57 
0 12 6 515 12 199 202 181 178 174 6 5 609 629 85 29 4 5 44 13 12 
4 12 9 4 34 182 19 205 32 504 233 20 226 224 16 21 23 26 27 28 34 24 29 6 
4 7 5 334 389 390 305 395 103 61 45 57 43 109 12 
6 15 7 129 385 442 435 388 387 298 290 287 256 237 242 40 118 357 59 36 37 39 103 107 83 
9 9 3 31 32 195 182 183 198 18 371 370 126 17 24 
6 9 4 352 351 157 436 526 302 339 479 418 12 109 57 45 
2 6 2 627 622 644 211 1 376 2 15 
1 7 2 32 195 30 10 76 401 423 10 0 
9 7 4 540 82 564 600 602 120 357 52 45 57 26 
1 4 1 610 629 495 588 65 
4 7 2 263 543 531 271 468 507 470 56 87 
3 3 1 518 624 159 75 
1 9 6 446 130 306 444 380 412 21 234 27 27 26 57 43 75 67 
6 3 1 61 107 121 52 
