5
6 11
6 11
4 8
3 1
1 0
第 0 条业务的情况：
经过的编号: 0 
经过的边的编号：31 
第 1 条业务的情况：
经过的编号: 0 1 2 
经过的边的编号：3 9 15 22 
第 2 条业务的情况：
经过的编号: 3 4 
经过的边的编号：3 7 
第 3 条业务的情况：
经过的编号: 0 1 2 
经过的边的编号：30 
第 4 条业务的情况：
经过的编号: 0 1 
经过的边的编号：7 
第 5 条业务的情况：
经过的编号: 0 1 2 
经过的边的编号：29 
第 6 条业务的情况：
经过的编号: 4 
经过的边的编号：9 4 2 0 
第 7 条业务的情况：
经过的编号: 3 
经过的边的编号：9 4 2 
第 8 条业务的情况：
经过的编号: 0 1 2 
经过的边的编号：28 25 
第 9 条业务的情况：
经过的编号: 0 1 2 
经过的边的编号：27 21 19 
第 10 条业务的情况：
经过的编号: 3 
经过的边的编号：12 
第 11 条业务的情况：
经过的编号: 3 4 
经过的边的编号：29 
第 12 条业务的情况：
经过的编号: 4 
经过的边的编号：10 5 
第 13 条业务的情况：
经过的编号: 0 1 2 
经过的边的编号：10 8 
第 14 条业务的情况：
经过的编号: 0 1 2 
经过的边的编号：16 12 6 2 0 1 
第 15 条业务的情况：
经过的编号: 0 1 2 
经过的边的编号：14 13 11 
第 16 条业务的情况：
经过的编号: 0 1 2 
经过的边的编号：23 
第 17 条业务的情况：
经过的编号: 3 
经过的边的编号：26 18 10 5 30 0 
第 18 条业务的情况：
经过的编号: 3 4 
经过的边的编号：23 
