38
13 5
9 8
8 11
11 8
8 9
1 3
3 10
9 6
5 4
4 3
4 6
11 8
8 12
2 5
5 13
9 5
1 3
8 9
13 5
5 4
4 3
10 3
3 1
2 5
5 4
4 6
12 8
8 9
9 6
8 9
8 7
7 0
3 4
4 6
3 4
9 5
6 7
3 10
0 1 1 43 
0 1 2 32 33 
1 2 49 61 
0 3 50 51 52 
0 1 2 40 41 
0 1 64 
0 2 59 60 
1 3 47 46 45 
0 1 61 
0 1 2 37 14 
0 1 2 35 36 
0 1 63 
0 1 4 15 11 5 3 
0 1 3 9 6 4 
1 2 52 51 
0 1 3 20 24 7 
0 2 57 58 
1 2 56 55 
0 1 1 17 
0 1 1 44 
1 2 54 53 
0 1 2 28 29 
0 1 2 34 10 
0 1 62 
0 1 1 42 
0 3 48 49 0 
0 1 4 22 25 13 12 
1 2 48 59 
0 1 3 23 19 18 
0 1 2 38 39 
0 1 2 30 31 
0 1 4 21 16 2 1 
0 1 3 26 27 8 
0 3 53 54 55 
0 3 45 46 47 
