3
14 15
17 18
2 6
第 0 条业务的情况：
经过的编号: 0 
经过的边的编号：0 2 42 
第 1 条业务的情况：
经过的编号: 2 
经过的边的编号：0 3 7 
第 2 条业务的情况：
经过的编号: 2 3 
经过的边的编号：1 4 9 
第 3 条业务的情况：
经过的编号: 2 
经过的边的编号：2 5 14 40 
第 4 条业务的情况：
经过的编号: 1 
经过的边的编号：3 7 19 23 
第 5 条业务的情况：
经过的编号: 0 1 
经过的边的编号：10 17 27 
第 6 条业务的情况：
经过的编号: 2 
经过的边的编号：11 18 30 36 
第 7 条业务的情况：
经过的编号: 1 
经过的边的编号：14 
第 8 条业务的情况：
经过的编号: 2 3 
经过的边的编号：15 12 
第 9 条业务的情况：
经过的编号: 2 3 
经过的边的编号：17 
第 10 条业务的情况：
经过的编号: 1 
经过的边的编号：11 8 4 2 0 
第 11 条业务的情况：
经过的编号: 2 
经过的边的编号：19 22 28 
第 12 条业务的情况：
经过的编号: 0 1 
经过的边的编号：21 39 38 37 36 35 
第 13 条业务的情况：
经过的编号: 3 
经过的边的编号：16 10 
第 14 条业务的情况：
经过的编号: 2 
经过的边的编号：16 10 6 
第 15 条业务的情况：
经过的编号: 2 3 
经过的边的编号：26 29 32 
第 16 条业务的情况：
经过的编号: 2 3 
经过的边的编号：27 37 
第 17 条业务的情况：
经过的编号: 0 
经过的边的编号：30 41 
第 18 条业务的情况：
经过的编号: 0 
经过的边的编号：26 28 
第 19 条业务的情况：
经过的编号: 2 3 
经过的边的编号：31 33 
第 20 条业务的情况：
经过的编号: 3 
经过的边的编号：14 5 2 3 7 20 25 
第 21 条业务的情况：
经过的编号: 0 1 
经过的边的编号：31 29 18 15 
第 22 条业务的情况：
经过的编号: 0 
经过的边的编号：33 14 12 11 8 6 7 
第 23 条业务的情况：
经过的编号: 0 1 
经过的边的编号：32 13 5 1 
第 24 条业务的情况：
经过的编号: 3 
经过的边的编号：41 36 
